{"contracts/InvoiceTracker.sol":{"l":{"67":4,"68":0,"69":0,"71":4,"75":4,"76":4,"89":4,"90":4,"91":4,"93":4,"95":4,"96":4,"97":4,"111":0,"112":0,"113":0,"127":1,"128":1,"129":1,"130":1,"134":0,"146":4,"150":1,"154":0,"157":4,"161":4,"162":4,"163":0,"165":4,"169":4,"220":4,"221":4,"222":4,"223":4,"224":4,"225":4,"226":4,"227":4,"228":4,"229":4,"230":4,"231":4,"232":4,"234":4,"236":4,"271":4,"285":4,"308":1,"312":3,"313":3,"323":3,"329":3,"333":3,"336":0,"350":1,"351":1,"352":1,"355":1,"356":1,"357":1,"399":2,"400":2,"401":2,"404":2},"path":"/Users/denisputnam/git/APDF-invoice-tracker-dapp/contracts/InvoiceTracker.sol","s":{"1":4,"2":0,"3":0,"4":4,"5":4,"6":4,"7":4,"8":4,"9":4,"10":4,"11":4,"12":4,"13":0,"14":0,"15":0,"16":1,"17":1,"18":1,"19":1,"20":0,"21":4,"22":1,"23":0,"24":4,"25":4,"26":4,"27":0,"28":4,"29":4,"30":4,"31":4,"32":4,"33":4,"34":4,"35":4,"36":4,"37":4,"38":4,"39":4,"40":4,"41":4,"42":4,"43":4,"44":4,"45":4,"46":1,"47":3,"48":3,"49":3,"50":3,"51":0,"52":1,"53":1,"54":1,"55":1,"56":1,"57":1,"58":2,"59":2,"60":2,"61":2},"b":{"1":[0,4],"2":[4,0],"3":[0,1],"4":[0,4],"5":[4,0],"6":[3,0],"7":[3,0],"8":[1,0],"9":[2,0]},"f":{"1":7,"2":4,"3":4,"4":4,"5":0,"6":1,"7":0,"8":4,"9":4,"10":4,"11":4,"12":4,"13":1,"14":3,"15":3,"16":1,"17":2},"fnMap":{"1":{"name":"constructor","line":51,"loc":{"start":{"line":51,"column":4},"end":{"line":51,"column":38}}},"2":{"name":"isNoClient","line":62,"loc":{"start":{"line":62,"column":4},"end":{"line":66,"column":5}}},"3":{"name":"noDupClient","line":74,"loc":{"start":{"line":74,"column":4},"end":{"line":74,"column":68}}},"4":{"name":"addClient","line":84,"loc":{"start":{"line":84,"column":4},"end":{"line":88,"column":5}}},"5":{"name":"getClientByName","line":106,"loc":{"start":{"line":106,"column":4},"end":{"line":110,"column":5}}},"6":{"name":"getClientByIndex","line":122,"loc":{"start":{"line":122,"column":4},"end":{"line":126,"column":5}}},"7":{"name":"getClientCount","line":133,"loc":{"start":{"line":133,"column":4},"end":{"line":133,"column":63}}},"8":{"name":"isNoDuplicateInvoice","line":142,"loc":{"start":{"line":142,"column":4},"end":{"line":145,"column":37}}},"9":{"name":"noDupInvoice","line":160,"loc":{"start":{"line":160,"column":4},"end":{"line":160,"column":74}}},"10":{"name":"addInvoice","line":207,"loc":{"start":{"line":207,"column":4},"end":{"line":219,"column":68}}},"11":{"name":"incremmentInvoiceCount","line":267,"loc":{"start":{"line":267,"column":4},"end":{"line":270,"column":5}}},"12":{"name":"getInvoiceCount","line":279,"loc":{"start":{"line":279,"column":4},"end":{"line":284,"column":5}}},"13":{"name":"getInvoiceNumbers","line":293,"loc":{"start":{"line":293,"column":4},"end":{"line":298,"column":5}}},"14":{"name":"isInvoiceNumber","line":311,"loc":{"start":{"line":311,"column":4},"end":{"line":311,"column":50}}},"15":{"name":"findInvoiceIndex","line":316,"loc":{"start":{"line":316,"column":4},"end":{"line":322,"column":5}}},"16":{"name":"updateInvoice","line":345,"loc":{"start":{"line":345,"column":4},"end":{"line":349,"column":26}}},"17":{"name":"getInvoice","line":381,"loc":{"start":{"line":381,"column":4},"end":{"line":398,"column":5}}}},"statementMap":{"1":{"start":{"line":67,"column":8},"end":{"line":67,"column":2198}},"2":{"start":{"line":68,"column":12},"end":{"line":68,"column":50}},"3":{"start":{"line":69,"column":12},"end":{"line":69,"column":24}},"4":{"start":{"line":71,"column":8},"end":{"line":71,"column":19}},"5":{"start":{"line":75,"column":8},"end":{"line":75,"column":75}},"6":{"start":{"line":89,"column":8},"end":{"line":89,"column":44}},"7":{"start":{"line":90,"column":8},"end":{"line":90,"column":36}},"8":{"start":{"line":91,"column":8},"end":{"line":91,"column":35}},"9":{"start":{"line":93,"column":8},"end":{"line":93,"column":34}},"10":{"start":{"line":95,"column":8},"end":{"line":95,"column":46}},"11":{"start":{"line":96,"column":8},"end":{"line":96,"column":43}},"12":{"start":{"line":97,"column":8},"end":{"line":97,"column":45}},"13":{"start":{"line":111,"column":8},"end":{"line":111,"column":51}},"14":{"start":{"line":112,"column":8},"end":{"line":112,"column":53}},"15":{"start":{"line":113,"column":8},"end":{"line":113,"column":33}},"16":{"start":{"line":127,"column":8},"end":{"line":127,"column":59}},"17":{"start":{"line":128,"column":8},"end":{"line":128,"column":57}},"18":{"start":{"line":129,"column":8},"end":{"line":129,"column":59}},"19":{"start":{"line":130,"column":8},"end":{"line":130,"column":33}},"20":{"start":{"line":134,"column":8},"end":{"line":134,"column":37}},"21":{"start":{"line":146,"column":8},"end":{"line":146,"column":4795}},"22":{"start":{"line":150,"column":12},"end":{"line":150,"column":5005}},"23":{"start":{"line":154,"column":16},"end":{"line":154,"column":28}},"24":{"start":{"line":157,"column":8},"end":{"line":157,"column":19}},"25":{"start":{"line":161,"column":8},"end":{"line":161,"column":69}},"26":{"start":{"line":162,"column":8},"end":{"line":162,"column":5363}},"27":{"start":{"line":163,"column":12},"end":{"line":163,"column":67}},"28":{"start":{"line":165,"column":8},"end":{"line":165,"column":5470}},"29":{"start":{"line":220,"column":8},"end":{"line":220,"column":33}},"30":{"start":{"line":221,"column":8},"end":{"line":221,"column":48}},"31":{"start":{"line":222,"column":8},"end":{"line":222,"column":38}},"32":{"start":{"line":223,"column":8},"end":{"line":223,"column":44}},"33":{"start":{"line":224,"column":8},"end":{"line":224,"column":34}},"34":{"start":{"line":225,"column":8},"end":{"line":225,"column":54}},"35":{"start":{"line":226,"column":8},"end":{"line":226,"column":52}},"36":{"start":{"line":227,"column":8},"end":{"line":227,"column":48}},"37":{"start":{"line":228,"column":8},"end":{"line":228,"column":48}},"38":{"start":{"line":229,"column":8},"end":{"line":229,"column":48}},"39":{"start":{"line":230,"column":8},"end":{"line":230,"column":50}},"40":{"start":{"line":231,"column":8},"end":{"line":231,"column":57}},"41":{"start":{"line":232,"column":8},"end":{"line":232,"column":64}},"42":{"start":{"line":234,"column":8},"end":{"line":234,"column":42}},"43":{"start":{"line":236,"column":8},"end":{"line":236,"column":7975}},"44":{"start":{"line":271,"column":8},"end":{"line":271,"column":58}},"45":{"start":{"line":285,"column":8},"end":{"line":285,"column":53}},"46":{"start":{"line":308,"column":8},"end":{"line":308,"column":51}},"47":{"start":{"line":312,"column":8},"end":{"line":312,"column":75}},"48":{"start":{"line":323,"column":8},"end":{"line":323,"column":11323}},"49":{"start":{"line":329,"column":12},"end":{"line":329,"column":11498}},"50":{"start":{"line":333,"column":16},"end":{"line":333,"column":24}},"51":{"start":{"line":336,"column":8},"end":{"line":336,"column":17}},"52":{"start":{"line":350,"column":8},"end":{"line":350,"column":69}},"53":{"start":{"line":351,"column":8},"end":{"line":351,"column":12204}},"54":{"start":{"line":352,"column":12},"end":{"line":352,"column":12242}},"55":{"start":{"line":355,"column":12},"end":{"line":355,"column":53}},"56":{"start":{"line":356,"column":12},"end":{"line":356,"column":72}},"57":{"start":{"line":357,"column":12},"end":{"line":357,"column":12492}},"58":{"start":{"line":399,"column":8},"end":{"line":399,"column":69}},"59":{"start":{"line":400,"column":8},"end":{"line":400,"column":13782}},"60":{"start":{"line":401,"column":12},"end":{"line":401,"column":13820}},"61":{"start":{"line":404,"column":12},"end":{"line":404,"column":13939}}},"branchMap":{"1":{"line":67,"type":"if","locations":[{"start":{"line":67,"column":8},"end":{"line":67,"column":8}},{"start":{"line":67,"column":8},"end":{"line":67,"column":8}}]},"2":{"line":75,"type":"if","locations":[{"start":{"line":75,"column":8},"end":{"line":75,"column":8}},{"start":{"line":75,"column":8},"end":{"line":75,"column":8}}]},"3":{"line":150,"type":"if","locations":[{"start":{"line":150,"column":12},"end":{"line":150,"column":12}},{"start":{"line":150,"column":12},"end":{"line":150,"column":12}}]},"4":{"line":162,"type":"if","locations":[{"start":{"line":162,"column":8},"end":{"line":162,"column":8}},{"start":{"line":162,"column":8},"end":{"line":162,"column":8}}]},"5":{"line":165,"type":"if","locations":[{"start":{"line":165,"column":8},"end":{"line":165,"column":8}},{"start":{"line":165,"column":8},"end":{"line":165,"column":8}}]},"6":{"line":312,"type":"if","locations":[{"start":{"line":312,"column":8},"end":{"line":312,"column":8}},{"start":{"line":312,"column":8},"end":{"line":312,"column":8}}]},"7":{"line":329,"type":"if","locations":[{"start":{"line":329,"column":12},"end":{"line":329,"column":12}},{"start":{"line":329,"column":12},"end":{"line":329,"column":12}}]},"8":{"line":351,"type":"if","locations":[{"start":{"line":351,"column":8},"end":{"line":351,"column":8}},{"start":{"line":351,"column":8},"end":{"line":351,"column":8}}]},"9":{"line":400,"type":"if","locations":[{"start":{"line":400,"column":8},"end":{"line":400,"column":8}},{"start":{"line":400,"column":8},"end":{"line":400,"column":8}}]}}},"contracts/Owned.sol":{"l":{"15":19,"16":19,"23":7,"31":0,"39":0},"path":"/Users/denisputnam/git/APDF-invoice-tracker-dapp/contracts/Owned.sol","s":{"1":19,"2":7,"3":0,"4":0},"b":{"1":[19,0]},"f":{"1":19,"2":7,"3":0,"4":0},"fnMap":{"1":{"name":"ownerOnly","line":14,"loc":{"start":{"line":14,"column":2},"end":{"line":14,"column":22}}},"2":{"name":"constructor","line":22,"loc":{"start":{"line":22,"column":2},"end":{"line":22,"column":30}}},"3":{"name":"getCurrentOwner","line":30,"loc":{"start":{"line":30,"column":2},"end":{"line":30,"column":57}}},"4":{"name":"changeOwner","line":38,"loc":{"start":{"line":38,"column":2},"end":{"line":38,"column":67}}}},"statementMap":{"1":{"start":{"line":15,"column":6},"end":{"line":15,"column":93}},"2":{"start":{"line":23,"column":6},"end":{"line":23,"column":23}},"3":{"start":{"line":31,"column":6},"end":{"line":31,"column":18}},"4":{"start":{"line":39,"column":6},"end":{"line":39,"column":21}}},"branchMap":{"1":{"line":15,"type":"if","locations":[{"start":{"line":15,"column":6},"end":{"line":15,"column":6}},{"start":{"line":15,"column":6},"end":{"line":15,"column":6}}]}}}}