{"contracts/InvoiceTracker.sol":{"l":{"59":3,"60":0,"62":3,"66":3,"67":3,"79":3,"80":3,"81":3,"82":3,"83":3,"84":3,"96":4,"100":1,"104":0,"107":4,"111":4,"115":4,"162":4,"163":4,"164":4,"165":4,"166":4,"167":4,"168":4,"169":4,"170":4,"171":4,"172":4,"173":4,"174":4,"176":4,"179":4,"196":4,"208":4,"220":1,"221":1,"222":2,"227":2,"229":1,"233":1,"234":1,"243":1,"244":1,"245":1,"248":0,"273":1,"274":1,"275":1,"278":1,"279":1,"280":1,"281":1,"282":1,"283":1,"284":1,"285":1,"286":1,"287":1,"288":1,"289":1,"314":2,"315":0,"317":2,"318":2,"319":2,"320":2,"321":2,"323":2,"324":2,"325":2,"326":2,"327":2,"329":2},"path":"/Users/denisputnam/git/APDF-invoice-tracker-dapp/contracts/InvoiceTracker.sol","s":{"1":3,"2":0,"3":3,"4":3,"5":3,"6":3,"7":3,"8":3,"9":3,"10":3,"11":4,"12":1,"13":0,"14":4,"15":4,"16":4,"17":4,"18":4,"19":4,"20":4,"21":4,"22":4,"23":4,"24":4,"25":4,"26":4,"27":4,"28":4,"29":4,"30":4,"31":4,"32":4,"33":1,"34":1,"35":2,"36":2,"37":1,"38":1,"39":1,"40":1,"41":1,"42":0,"43":1,"44":1,"45":1,"46":1,"47":1,"48":1,"49":1,"50":1,"51":1,"52":1,"53":1,"54":1,"55":1,"56":1,"57":1,"58":2,"59":0,"60":2,"61":2,"62":2,"63":2,"64":2,"65":2,"66":2,"67":2,"68":2,"69":2},"b":{"1":[0,3],"2":[3,0],"3":[0,1],"4":[4,0],"5":[1,0],"6":[1,0],"7":[1,0],"8":[0,2]},"f":{"1":6,"2":3,"3":3,"4":3,"5":4,"6":4,"7":4,"8":4,"9":4,"10":1,"11":1,"12":1,"13":1,"14":2},"fnMap":{"1":{"name":"constructor","line":45,"loc":{"start":{"line":45,"column":4},"end":{"line":45,"column":38}}},"2":{"name":"isNoClient","line":54,"loc":{"start":{"line":54,"column":4},"end":{"line":58,"column":5}}},"3":{"name":"noDupClient","line":65,"loc":{"start":{"line":65,"column":4},"end":{"line":65,"column":68}}},"4":{"name":"addClient","line":75,"loc":{"start":{"line":75,"column":4},"end":{"line":78,"column":5}}},"5":{"name":"isNoDuplicateInvoice","line":92,"loc":{"start":{"line":92,"column":4},"end":{"line":95,"column":35}}},"6":{"name":"noDupInvoice","line":110,"loc":{"start":{"line":110,"column":4},"end":{"line":110,"column":74}}},"7":{"name":"addInvoice","line":148,"loc":{"start":{"line":148,"column":4},"end":{"line":161,"column":58}}},"8":{"name":"incremmentInvoiceCount","line":195,"loc":{"start":{"line":195,"column":4},"end":{"line":195,"column":68}}},"9":{"name":"getInvoiceCount","line":203,"loc":{"start":{"line":203,"column":4},"end":{"line":207,"column":5}}},"10":{"name":"getInvoiceNumbers","line":215,"loc":{"start":{"line":215,"column":4},"end":{"line":219,"column":5}}},"11":{"name":"isInvoiceNumber","line":232,"loc":{"start":{"line":232,"column":4},"end":{"line":232,"column":50}}},"12":{"name":"findInvoiceIndex","line":237,"loc":{"start":{"line":237,"column":4},"end":{"line":242,"column":5}}},"13":{"name":"getInvoice","line":256,"loc":{"start":{"line":256,"column":4},"end":{"line":272,"column":5}}},"14":{"name":"uint2str","line":309,"loc":{"start":{"line":309,"column":4},"end":{"line":313,"column":5}}}},"statementMap":{"1":{"start":{"line":59,"column":8},"end":{"line":59,"column":1852}},"2":{"start":{"line":60,"column":12},"end":{"line":60,"column":24}},"3":{"start":{"line":62,"column":8},"end":{"line":62,"column":19}},"4":{"start":{"line":66,"column":8},"end":{"line":66,"column":75}},"5":{"start":{"line":79,"column":8},"end":{"line":79,"column":44}},"6":{"start":{"line":80,"column":8},"end":{"line":80,"column":36}},"7":{"start":{"line":81,"column":8},"end":{"line":81,"column":35}},"8":{"start":{"line":82,"column":8},"end":{"line":82,"column":46}},"9":{"start":{"line":83,"column":8},"end":{"line":83,"column":43}},"10":{"start":{"line":84,"column":8},"end":{"line":84,"column":45}},"11":{"start":{"line":96,"column":8},"end":{"line":96,"column":3175}},"12":{"start":{"line":100,"column":12},"end":{"line":100,"column":3385}},"13":{"start":{"line":104,"column":16},"end":{"line":104,"column":28}},"14":{"start":{"line":107,"column":8},"end":{"line":107,"column":19}},"15":{"start":{"line":111,"column":8},"end":{"line":111,"column":3672}},"16":{"start":{"line":162,"column":8},"end":{"line":162,"column":33}},"17":{"start":{"line":163,"column":8},"end":{"line":163,"column":48}},"18":{"start":{"line":164,"column":8},"end":{"line":164,"column":38}},"19":{"start":{"line":165,"column":8},"end":{"line":165,"column":44}},"20":{"start":{"line":166,"column":8},"end":{"line":166,"column":34}},"21":{"start":{"line":167,"column":8},"end":{"line":167,"column":54}},"22":{"start":{"line":168,"column":8},"end":{"line":168,"column":52}},"23":{"start":{"line":169,"column":8},"end":{"line":169,"column":48}},"24":{"start":{"line":170,"column":8},"end":{"line":170,"column":48}},"25":{"start":{"line":171,"column":8},"end":{"line":171,"column":48}},"26":{"start":{"line":172,"column":8},"end":{"line":172,"column":50}},"27":{"start":{"line":173,"column":8},"end":{"line":173,"column":52}},"28":{"start":{"line":174,"column":8},"end":{"line":174,"column":57}},"29":{"start":{"line":176,"column":8},"end":{"line":176,"column":42}},"30":{"start":{"line":179,"column":8},"end":{"line":179,"column":6213}},"31":{"start":{"line":196,"column":8},"end":{"line":196,"column":50}},"32":{"start":{"line":208,"column":8},"end":{"line":208,"column":53}},"33":{"start":{"line":220,"column":8},"end":{"line":220,"column":31}},"34":{"start":{"line":221,"column":8},"end":{"line":221,"column":7560}},"35":{"start":{"line":222,"column":12},"end":{"line":222,"column":7648}},"36":{"start":{"line":227,"column":12},"end":{"line":227,"column":62}},"37":{"start":{"line":229,"column":8},"end":{"line":229,"column":19}},"38":{"start":{"line":233,"column":8},"end":{"line":233,"column":76}},"39":{"start":{"line":243,"column":8},"end":{"line":243,"column":8326}},"40":{"start":{"line":244,"column":12},"end":{"line":244,"column":8420}},"41":{"start":{"line":245,"column":16},"end":{"line":245,"column":24}},"42":{"start":{"line":248,"column":8},"end":{"line":248,"column":17}},"43":{"start":{"line":273,"column":8},"end":{"line":273,"column":69}},"44":{"start":{"line":274,"column":8},"end":{"line":274,"column":9357}},"45":{"start":{"line":275,"column":12},"end":{"line":275,"column":9395}},"46":{"start":{"line":278,"column":12},"end":{"line":278,"column":49}},"47":{"start":{"line":279,"column":12},"end":{"line":279,"column":39}},"48":{"start":{"line":280,"column":12},"end":{"line":280,"column":45}},"49":{"start":{"line":281,"column":12},"end":{"line":281,"column":35}},"50":{"start":{"line":282,"column":12},"end":{"line":282,"column":55}},"51":{"start":{"line":283,"column":12},"end":{"line":283,"column":53}},"52":{"start":{"line":284,"column":12},"end":{"line":284,"column":49}},"53":{"start":{"line":285,"column":12},"end":{"line":285,"column":49}},"54":{"start":{"line":286,"column":12},"end":{"line":286,"column":49}},"55":{"start":{"line":287,"column":12},"end":{"line":287,"column":51}},"56":{"start":{"line":288,"column":12},"end":{"line":288,"column":53}},"57":{"start":{"line":289,"column":12},"end":{"line":289,"column":10074}},"58":{"start":{"line":314,"column":8},"end":{"line":314,"column":10839}},"59":{"start":{"line":315,"column":12},"end":{"line":315,"column":22}},"60":{"start":{"line":317,"column":8},"end":{"line":317,"column":22}},"61":{"start":{"line":318,"column":8},"end":{"line":318,"column":19}},"62":{"start":{"line":319,"column":8},"end":{"line":319,"column":10941}},"63":{"start":{"line":321,"column":12},"end":{"line":321,"column":18}},"64":{"start":{"line":323,"column":8},"end":{"line":323,"column":42}},"65":{"start":{"line":324,"column":8},"end":{"line":324,"column":27}},"66":{"start":{"line":325,"column":8},"end":{"line":325,"column":11089}},"67":{"start":{"line":326,"column":12},"end":{"line":326,"column":52}},"68":{"start":{"line":327,"column":12},"end":{"line":327,"column":19}},"69":{"start":{"line":329,"column":8},"end":{"line":329,"column":27}}},"branchMap":{"1":{"line":59,"type":"if","locations":[{"start":{"line":59,"column":8},"end":{"line":59,"column":8}},{"start":{"line":59,"column":8},"end":{"line":59,"column":8}}]},"2":{"line":66,"type":"if","locations":[{"start":{"line":66,"column":8},"end":{"line":66,"column":8}},{"start":{"line":66,"column":8},"end":{"line":66,"column":8}}]},"3":{"line":100,"type":"if","locations":[{"start":{"line":100,"column":12},"end":{"line":100,"column":12}},{"start":{"line":100,"column":12},"end":{"line":100,"column":12}}]},"4":{"line":111,"type":"if","locations":[{"start":{"line":111,"column":8},"end":{"line":111,"column":8}},{"start":{"line":111,"column":8},"end":{"line":111,"column":8}}]},"5":{"line":233,"type":"if","locations":[{"start":{"line":233,"column":8},"end":{"line":233,"column":8}},{"start":{"line":233,"column":8},"end":{"line":233,"column":8}}]},"6":{"line":244,"type":"if","locations":[{"start":{"line":244,"column":12},"end":{"line":244,"column":12}},{"start":{"line":244,"column":12},"end":{"line":244,"column":12}}]},"7":{"line":274,"type":"if","locations":[{"start":{"line":274,"column":8},"end":{"line":274,"column":8}},{"start":{"line":274,"column":8},"end":{"line":274,"column":8}}]},"8":{"line":314,"type":"if","locations":[{"start":{"line":314,"column":8},"end":{"line":314,"column":8}},{"start":{"line":314,"column":8},"end":{"line":314,"column":8}}]}}},"contracts/Owned.sol":{"l":{"14":0,"15":0,"22":6,"30":0,"38":0},"path":"/Users/denisputnam/git/APDF-invoice-tracker-dapp/contracts/Owned.sol","s":{"1":0,"2":6,"3":0,"4":0},"b":{"1":[0,0]},"f":{"1":0,"2":6,"3":0,"4":0},"fnMap":{"1":{"name":"ownerOnly","line":13,"loc":{"start":{"line":13,"column":2},"end":{"line":13,"column":22}}},"2":{"name":"constructor","line":21,"loc":{"start":{"line":21,"column":2},"end":{"line":21,"column":30}}},"3":{"name":"getCurrentOwner","line":29,"loc":{"start":{"line":29,"column":2},"end":{"line":29,"column":57}}},"4":{"name":"changeOwner","line":37,"loc":{"start":{"line":37,"column":2},"end":{"line":37,"column":67}}}},"statementMap":{"1":{"start":{"line":14,"column":6},"end":{"line":14,"column":93}},"2":{"start":{"line":22,"column":6},"end":{"line":22,"column":23}},"3":{"start":{"line":30,"column":6},"end":{"line":30,"column":18}},"4":{"start":{"line":38,"column":6},"end":{"line":38,"column":21}}},"branchMap":{"1":{"line":14,"type":"if","locations":[{"start":{"line":14,"column":6},"end":{"line":14,"column":6}},{"start":{"line":14,"column":6},"end":{"line":14,"column":6}}]}}}}