{
"contracts/InvoiceTracker.sol":{"l":{"67":4,"68":0,"69":0,"71":4,"75":4,"76":4,"80":19,"81":19,"94":4,"95":4,"96":4,"98":4,"100":4,"101":4,"102":4,"116":0,"117":0,"118":0,"132":1,"133":1,"134":1,"135":1,"139":0,"151":4,"155":1,"159":0,"162":4,"166":4,"167":4,"168":0,"170":4,"174":4,"225":4,"226":4,"227":4,"228":4,"229":4,"230":4,"231":4,"232":4,"233":4,"234":4,"235":4,"236":4,"237":4,"239":4,"241":4,"276":4,"290":4,"313":1,"317":3,"318":3,"328":3,"334":3,"338":3,"341":0,"355":1,"356":1,"357":1,"360":1,"361":1,"362":1,"404":2,"405":2,"406":2,"409":2},"path":"/Users/denisputnam/git/APDF-invoice-tracker-dapp/contracts/InvoiceTracker.sol","s":{"1":4,"2":0,"3":0,"4":4,"5":4,"6":19,"7":4,"8":4,"9":4,"10":4,"11":4,"12":4,"13":4,"14":0,"15":0,"16":0,"17":1,"18":1,"19":1,"20":1,"21":0,"22":4,"23":1,"24":0,"25":4,"26":4,"27":4,"28":0,"29":4,"30":4,"31":4,"32":4,"33":4,"34":4,"35":4,"36":4,"37":4,"38":4,"39":4,"40":4,"41":4,"42":4,"43":4,"44":4,"45":4,"46":4,"47":1,"48":3,"49":3,"50":3,"51":3,"52":0,"53":1,"54":1,"55":1,"56":1,"57":1,"58":1,"59":2,"60":2,"61":2,"62":2},"b":{"1":[0,4],"2":[4,0],"3":[19,0],"4":[0,1],"5":[0,4],"6":[4,0],"7":[3,0],"8":[3,0],"9":[1,0],"10":[2,0]},"f":{"1":7,"2":4,"3":4,"4":19,"5":4,"6":0,"7":1,"8":0,"9":4,"10":4,"11":4,"12":4,"13":4,"14":1,"15":3,"16":3,"17":1,"18":2},"fnMap":{"1":{"name":"constructor","line":51,"loc":{"start":{"line":51,"column":4},"end":{"line":51,"column":38}}},"2":{"name":"isNoClient","line":62,"loc":{"start":{"line":62,"column":4},"end":{"line":66,"column":5}}},"3":{"name":"noDupClient","line":74,"loc":{"start":{"line":74,"column":4},"end":{"line":74,"column":68}}},"4":{"name":"onlyOwner","line":79,"loc":{"start":{"line":79,"column":4},"end":{"line":79,"column":22}}},"5":{"name":"addClient","line":89,"loc":{"start":{"line":89,"column":4},"end":{"line":93,"column":5}}},"6":{"name":"getClientByName","line":111,"loc":{"start":{"line":111,"column":4},"end":{"line":115,"column":5}}},"7":{"name":"getClientByIndex","line":127,"loc":{"start":{"line":127,"column":4},"end":{"line":131,"column":5}}},"8":{"name":"getClientCount","line":138,"loc":{"start":{"line":138,"column":4},"end":{"line":138,"column":63}}},"9":{"name":"isNoDuplicateInvoice","line":147,"loc":{"start":{"line":147,"column":4},"end":{"line":150,"column":37}}},"10":{"name":"noDupInvoice","line":165,"loc":{"start":{"line":165,"column":4},"end":{"line":165,"column":74}}},"11":{"name":"addInvoice","line":212,"loc":{"start":{"line":212,"column":4},"end":{"line":224,"column":68}}},"12":{"name":"incremmentInvoiceCount","line":272,"loc":{"start":{"line":272,"column":4},"end":{"line":275,"column":5}}},"13":{"name":"getInvoiceCount","line":284,"loc":{"start":{"line":284,"column":4},"end":{"line":289,"column":5}}},"14":{"name":"getInvoiceNumbers","line":298,"loc":{"start":{"line":298,"column":4},"end":{"line":303,"column":5}}},"15":{"name":"isInvoiceNumber","line":316,"loc":{"start":{"line":316,"column":4},"end":{"line":316,"column":50}}},"16":{"name":"findInvoiceIndex","line":321,"loc":{"start":{"line":321,"column":4},"end":{"line":327,"column":5}}},"17":{"name":"updateInvoice","line":350,"loc":{"start":{"line":350,"column":4},"end":{"line":354,"column":26}}},"18":{"name":"getInvoice","line":386,"loc":{"start":{"line":386,"column":4},"end":{"line":403,"column":5}}}},"statementMap":{"1":{"start":{"line":67,"column":8},"end":{"line":67,"column":2197}},"2":{"start":{"line":68,"column":12},"end":{"line":68,"column":50}},"3":{"start":{"line":69,"column":12},"end":{"line":69,"column":24}},"4":{"start":{"line":71,"column":8},"end":{"line":71,"column":19}},"5":{"start":{"line":75,"column":8},"end":{"line":75,"column":75}},"6":{"start":{"line":80,"column":8},"end":{"line":80,"column":47}},"7":{"start":{"line":94,"column":8},"end":{"line":94,"column":44}},"8":{"start":{"line":95,"column":8},"end":{"line":95,"column":36}},"9":{"start":{"line":96,"column":8},"end":{"line":96,"column":35}},"10":{"start":{"line":98,"column":8},"end":{"line":98,"column":34}},"11":{"start":{"line":100,"column":8},"end":{"line":100,"column":46}},"12":{"start":{"line":101,"column":8},"end":{"line":101,"column":43}},"13":{"start":{"line":102,"column":8},"end":{"line":102,"column":45}},"14":{"start":{"line":116,"column":8},"end":{"line":116,"column":51}},"15":{"start":{"line":117,"column":8},"end":{"line":117,"column":53}},"16":{"start":{"line":118,"column":8},"end":{"line":118,"column":33}},"17":{"start":{"line":132,"column":8},"end":{"line":132,"column":59}},"18":{"start":{"line":133,"column":8},"end":{"line":133,"column":57}},"19":{"start":{"line":134,"column":8},"end":{"line":134,"column":59}},"20":{"start":{"line":135,"column":8},"end":{"line":135,"column":33}},"21":{"start":{"line":139,"column":8},"end":{"line":139,"column":37}},"22":{"start":{"line":151,"column":8},"end":{"line":151,"column":4889}},"23":{"start":{"line":155,"column":12},"end":{"line":155,"column":5099}},"24":{"start":{"line":159,"column":16},"end":{"line":159,"column":28}},"25":{"start":{"line":162,"column":8},"end":{"line":162,"column":19}},"26":{"start":{"line":166,"column":8},"end":{"line":166,"column":69}},"27":{"start":{"line":167,"column":8},"end":{"line":167,"column":5457}},"28":{"start":{"line":168,"column":12},"end":{"line":168,"column":67}},"29":{"start":{"line":170,"column":8},"end":{"line":170,"column":5564}},"30":{"start":{"line":225,"column":8},"end":{"line":225,"column":33}},"31":{"start":{"line":226,"column":8},"end":{"line":226,"column":48}},"32":{"start":{"line":227,"column":8},"end":{"line":227,"column":38}},"33":{"start":{"line":228,"column":8},"end":{"line":228,"column":44}},"34":{"start":{"line":229,"column":8},"end":{"line":229,"column":34}},"35":{"start":{"line":230,"column":8},"end":{"line":230,"column":54}},"36":{"start":{"line":231,"column":8},"end":{"line":231,"column":52}},"37":{"start":{"line":232,"column":8},"end":{"line":232,"column":48}},"38":{"start":{"line":233,"column":8},"end":{"line":233,"column":48}},"39":{"start":{"line":234,"column":8},"end":{"line":234,"column":48}},"40":{"start":{"line":235,"column":8},"end":{"line":235,"column":50}},"41":{"start":{"line":236,"column":8},"end":{"line":236,"column":57}},"42":{"start":{"line":237,"column":8},"end":{"line":237,"column":64}},"43":{"start":{"line":239,"column":8},"end":{"line":239,"column":42}},"44":{"start":{"line":241,"column":8},"end":{"line":241,"column":8069}},"45":{"start":{"line":276,"column":8},"end":{"line":276,"column":58}},"46":{"start":{"line":290,"column":8},"end":{"line":290,"column":53}},"47":{"start":{"line":313,"column":8},"end":{"line":313,"column":51}},"48":{"start":{"line":317,"column":8},"end":{"line":317,"column":75}},"49":{"start":{"line":328,"column":8},"end":{"line":328,"column":11417}},"50":{"start":{"line":334,"column":12},"end":{"line":334,"column":11592}},"51":{"start":{"line":338,"column":16},"end":{"line":338,"column":24}},"52":{"start":{"line":341,"column":8},"end":{"line":341,"column":17}},"53":{"start":{"line":355,"column":8},"end":{"line":355,"column":69}},"54":{"start":{"line":356,"column":8},"end":{"line":356,"column":12298}},"55":{"start":{"line":357,"column":12},"end":{"line":357,"column":12336}},"56":{"start":{"line":360,"column":12},"end":{"line":360,"column":53}},"57":{"start":{"line":361,"column":12},"end":{"line":361,"column":72}},"58":{"start":{"line":362,"column":12},"end":{"line":362,"column":12586}},"59":{"start":{"line":404,"column":8},"end":{"line":404,"column":69}},"60":{"start":{"line":405,"column":8},"end":{"line":405,"column":13876}},"61":{"start":{"line":406,"column":12},"end":{"line":406,"column":13914}},"62":{"start":{"line":409,"column":12},"end":{"line":409,"column":14033}}},"branchMap":{"1":{"line":67,"type":"if","locations":[{"start":{"line":67,"column":8},"end":{"line":67,"column":8}},{"start":{"line":67,"column":8},"end":{"line":67,"column":8}}]},"2":{"line":75,"type":"if","locations":[{"start":{"line":75,"column":8},"end":{"line":75,"column":8}},{"start":{"line":75,"column":8},"end":{"line":75,"column":8}}]},"3":{"line":80,"type":"if","locations":[{"start":{"line":80,"column":8},"end":{"line":80,"column":8}},{"start":{"line":80,"column":8},"end":{"line":80,"column":8}}]},"4":{"line":155,"type":"if","locations":[{"start":{"line":155,"column":12},"end":{"line":155,"column":12}},{"start":{"line":155,"column":12},"end":{"line":155,"column":12}}]},"5":{"line":167,"type":"if","locations":[{"start":{"line":167,"column":8},"end":{"line":167,"column":8}},{"start":{"line":167,"column":8},"end":{"line":167,"column":8}}]},"6":{"line":170,"type":"if","locations":[{"start":{"line":170,"column":8},"end":{"line":170,"column":8}},{"start":{"line":170,"column":8},"end":{"line":170,"column":8}}]},"7":{"line":317,"type":"if","locations":[{"start":{"line":317,"column":8},"end":{"line":317,"column":8}},{"start":{"line":317,"column":8},"end":{"line":317,"column":8}}]},"8":{"line":334,"type":"if","locations":[{"start":{"line":334,"column":12},"end":{"line":334,"column":12}},{"start":{"line":334,"column":12},"end":{"line":334,"column":12}}]},"9":{"line":356,"type":"if","locations":[{"start":{"line":356,"column":8},"end":{"line":356,"column":8}},{"start":{"line":356,"column":8},"end":{"line":356,"column":8}}]},"10":{"line":405,"type":"if","locations":[{"start":{"line":405,"column":8},"end":{"line":405,"column":8}},{"start":{"line":405,"column":8},"end":{"line":405,"column":8}}]}}},
"contracts/Owned.sol":{"l":{"15":0,"16":0,"23":7,"31":19,"39":0},"path":"/Users/denisputnam/git/APDF-invoice-tracker-dapp/contracts/Owned.sol","s":{"1":0,"2":7,"3":19,"4":0},"b":{"1":[0,0]},"f":{"1":0,"2":7,"3":19,"4":0},"fnMap":{"1":{"name":"ownerOnly","line":14,"loc":{"start":{"line":14,"column":2},"end":{"line":14,"column":22}}},"2":{"name":"constructor","line":22,"loc":{"start":{"line":22,"column":2},"end":{"line":22,"column":30}}},"3":{"name":"getCurrentOwner","line":30,"loc":{"start":{"line":30,"column":2},"end":{"line":30,"column":57}}},"4":{"name":"changeOwner","line":38,"loc":{"start":{"line":38,"column":2},"end":{"line":38,"column":67}}}},"statementMap":{"1":{"start":{"line":15,"column":6},"end":{"line":15,"column":93}},"2":{"start":{"line":23,"column":6},"end":{"line":23,"column":23}},"3":{"start":{"line":31,"column":6},"end":{"line":31,"column":18}},"4":{"start":{"line":39,"column":6},"end":{"line":39,"column":21}}},"branchMap":{"1":{"line":15,"type":"if","locations":[{"start":{"line":15,"column":6},"end":{"line":15,"column":6}},{"start":{"line":15,"column":6},"end":{"line":15,"column":6}}]}}}}
