{
"contracts/InvoiceTracker.sol":{"l":{"59":3,"60":0,"62":3,"66":3,"67":3,"71":18,"72":18,"85":3,"86":3,"87":3,"88":3,"89":3,"90":3,"102":4,"106":1,"110":0,"113":4,"117":4,"121":4,"174":4,"175":4,"176":4,"177":4,"178":4,"179":4,"180":4,"181":4,"182":4,"183":4,"184":4,"185":4,"186":4,"188":4,"190":4,"222":4,"235":4,"248":1,"249":1,"250":2,"255":2,"257":1,"261":3,"262":3,"272":3,"277":3,"278":3,"281":0,"295":1,"296":1,"297":1,"300":1,"301":1,"302":1,"333":2,"334":2,"335":2,"338":2,"376":2,"377":0,"379":2,"380":2,"381":2,"382":2,"383":2,"385":2,"386":2,"387":2,"388":2,"389":2,"391":2},"path":"/Users/denisputnam/git/APDF-invoice-tracker-dapp/contracts/InvoiceTracker.sol","s":{"1":3,"2":0,"3":3,"4":3,"5":18,"6":3,"7":3,"8":3,"9":3,"10":3,"11":3,"12":4,"13":1,"14":0,"15":4,"16":4,"17":4,"18":4,"19":4,"20":4,"21":4,"22":4,"23":4,"24":4,"25":4,"26":4,"27":4,"28":4,"29":4,"30":4,"31":4,"32":4,"33":4,"34":1,"35":1,"36":2,"37":2,"38":1,"39":3,"40":3,"41":3,"42":3,"43":0,"44":1,"45":1,"46":1,"47":1,"48":1,"49":1,"50":2,"51":2,"52":2,"53":2,"54":2,"55":0,"56":2,"57":2,"58":2,"59":2,"60":2,"61":2,"62":2,"63":2,"64":2,"65":2},"b":{"1":[0,3],"2":[3,0],"3":[18,0],"4":[0,1],"5":[4,0],"6":[3,0],"7":[3,0],"8":[1,0],"9":[2,0],"10":[0,2]},"f":{"1":6,"2":3,"3":3,"4":18,"5":3,"6":4,"7":4,"8":4,"9":4,"10":4,"11":1,"12":3,"13":3,"14":1,"15":2,"16":2},"fnMap":{"1":{"name":"constructor","line":45,"loc":{"start":{"line":45,"column":4},"end":{"line":45,"column":38}}},"2":{"name":"isNoClient","line":54,"loc":{"start":{"line":54,"column":4},"end":{"line":58,"column":5}}},"3":{"name":"noDupClient","line":65,"loc":{"start":{"line":65,"column":4},"end":{"line":65,"column":68}}},"4":{"name":"onlyOwner","line":70,"loc":{"start":{"line":70,"column":4},"end":{"line":70,"column":22}}},"5":{"name":"addClient","line":80,"loc":{"start":{"line":80,"column":4},"end":{"line":84,"column":5}}},"6":{"name":"isNoDuplicateInvoice","line":98,"loc":{"start":{"line":98,"column":4},"end":{"line":101,"column":35}}},"7":{"name":"noDupInvoice","line":116,"loc":{"start":{"line":116,"column":4},"end":{"line":116,"column":74}}},"8":{"name":"addInvoice","line":160,"loc":{"start":{"line":160,"column":4},"end":{"line":173,"column":70}}},"9":{"name":"incremmentInvoiceCount","line":221,"loc":{"start":{"line":221,"column":4},"end":{"line":221,"column":84}}},"10":{"name":"getInvoiceCount","line":229,"loc":{"start":{"line":229,"column":4},"end":{"line":234,"column":5}}},"11":{"name":"getInvoiceNumbers","line":242,"loc":{"start":{"line":242,"column":4},"end":{"line":247,"column":5}}},"12":{"name":"isInvoiceNumber","line":260,"loc":{"start":{"line":260,"column":4},"end":{"line":260,"column":50}}},"13":{"name":"findInvoiceIndex","line":265,"loc":{"start":{"line":265,"column":4},"end":{"line":271,"column":5}}},"14":{"name":"updateInvoice","line":290,"loc":{"start":{"line":290,"column":4},"end":{"line":294,"column":26}}},"15":{"name":"getInvoice","line":315,"loc":{"start":{"line":315,"column":4},"end":{"line":332,"column":5}}},"16":{"name":"uint2str","line":371,"loc":{"start":{"line":371,"column":4},"end":{"line":375,"column":5}}}},"statementMap":{"1":{"start":{"line":59,"column":8},"end":{"line":59,"column":1852}},"2":{"start":{"line":60,"column":12},"end":{"line":60,"column":24}},"3":{"start":{"line":62,"column":8},"end":{"line":62,"column":19}},"4":{"start":{"line":66,"column":8},"end":{"line":66,"column":75}},"5":{"start":{"line":71,"column":8},"end":{"line":71,"column":47}},"6":{"start":{"line":85,"column":8},"end":{"line":85,"column":44}},"7":{"start":{"line":86,"column":8},"end":{"line":86,"column":36}},"8":{"start":{"line":87,"column":8},"end":{"line":87,"column":35}},"9":{"start":{"line":88,"column":8},"end":{"line":88,"column":46}},"10":{"start":{"line":89,"column":8},"end":{"line":89,"column":43}},"11":{"start":{"line":90,"column":8},"end":{"line":90,"column":45}},"12":{"start":{"line":102,"column":8},"end":{"line":102,"column":3290}},"13":{"start":{"line":106,"column":12},"end":{"line":106,"column":3500}},"14":{"start":{"line":110,"column":16},"end":{"line":110,"column":28}},"15":{"start":{"line":113,"column":8},"end":{"line":113,"column":19}},"16":{"start":{"line":117,"column":8},"end":{"line":117,"column":3787}},"17":{"start":{"line":174,"column":8},"end":{"line":174,"column":33}},"18":{"start":{"line":175,"column":8},"end":{"line":175,"column":48}},"19":{"start":{"line":176,"column":8},"end":{"line":176,"column":38}},"20":{"start":{"line":177,"column":8},"end":{"line":177,"column":44}},"21":{"start":{"line":178,"column":8},"end":{"line":178,"column":34}},"22":{"start":{"line":179,"column":8},"end":{"line":179,"column":54}},"23":{"start":{"line":180,"column":8},"end":{"line":180,"column":52}},"24":{"start":{"line":181,"column":8},"end":{"line":181,"column":48}},"25":{"start":{"line":182,"column":8},"end":{"line":182,"column":48}},"26":{"start":{"line":183,"column":8},"end":{"line":183,"column":48}},"27":{"start":{"line":184,"column":8},"end":{"line":184,"column":50}},"28":{"start":{"line":185,"column":8},"end":{"line":185,"column":52}},"29":{"start":{"line":186,"column":8},"end":{"line":186,"column":57}},"30":{"start":{"line":188,"column":8},"end":{"line":188,"column":42}},"31":{"start":{"line":190,"column":8},"end":{"line":190,"column":6402}},"32":{"start":{"line":222,"column":8},"end":{"line":222,"column":58}},"33":{"start":{"line":235,"column":8},"end":{"line":235,"column":53}},"34":{"start":{"line":248,"column":8},"end":{"line":248,"column":31}},"35":{"start":{"line":249,"column":8},"end":{"line":249,"column":8728}},"36":{"start":{"line":250,"column":12},"end":{"line":250,"column":8816}},"37":{"start":{"line":255,"column":12},"end":{"line":255,"column":62}},"38":{"start":{"line":257,"column":8},"end":{"line":257,"column":19}},"39":{"start":{"line":261,"column":8},"end":{"line":261,"column":75}},"40":{"start":{"line":272,"column":8},"end":{"line":272,"column":9513}},"41":{"start":{"line":277,"column":12},"end":{"line":277,"column":9653}},"42":{"start":{"line":278,"column":16},"end":{"line":278,"column":24}},"43":{"start":{"line":281,"column":8},"end":{"line":281,"column":17}},"44":{"start":{"line":295,"column":8},"end":{"line":295,"column":69}},"45":{"start":{"line":296,"column":8},"end":{"line":296,"column":10292}},"46":{"start":{"line":297,"column":12},"end":{"line":297,"column":10330}},"47":{"start":{"line":300,"column":12},"end":{"line":300,"column":53}},"48":{"start":{"line":301,"column":12},"end":{"line":301,"column":72}},"49":{"start":{"line":302,"column":12},"end":{"line":302,"column":10580}},"50":{"start":{"line":333,"column":8},"end":{"line":333,"column":69}},"51":{"start":{"line":334,"column":8},"end":{"line":334,"column":11546}},"52":{"start":{"line":335,"column":12},"end":{"line":335,"column":11584}},"53":{"start":{"line":338,"column":12},"end":{"line":338,"column":11703}},"54":{"start":{"line":376,"column":8},"end":{"line":376,"column":12976}},"55":{"start":{"line":377,"column":12},"end":{"line":377,"column":22}},"56":{"start":{"line":379,"column":8},"end":{"line":379,"column":22}},"57":{"start":{"line":380,"column":8},"end":{"line":380,"column":19}},"58":{"start":{"line":381,"column":8},"end":{"line":381,"column":13078}},"59":{"start":{"line":383,"column":12},"end":{"line":383,"column":18}},"60":{"start":{"line":385,"column":8},"end":{"line":385,"column":42}},"61":{"start":{"line":386,"column":8},"end":{"line":386,"column":27}},"62":{"start":{"line":387,"column":8},"end":{"line":387,"column":13226}},"63":{"start":{"line":388,"column":12},"end":{"line":388,"column":52}},"64":{"start":{"line":389,"column":12},"end":{"line":389,"column":19}},"65":{"start":{"line":391,"column":8},"end":{"line":391,"column":27}}},"branchMap":{"1":{"line":59,"type":"if","locations":[{"start":{"line":59,"column":8},"end":{"line":59,"column":8}},{"start":{"line":59,"column":8},"end":{"line":59,"column":8}}]},"2":{"line":66,"type":"if","locations":[{"start":{"line":66,"column":8},"end":{"line":66,"column":8}},{"start":{"line":66,"column":8},"end":{"line":66,"column":8}}]},"3":{"line":71,"type":"if","locations":[{"start":{"line":71,"column":8},"end":{"line":71,"column":8}},{"start":{"line":71,"column":8},"end":{"line":71,"column":8}}]},"4":{"line":106,"type":"if","locations":[{"start":{"line":106,"column":12},"end":{"line":106,"column":12}},{"start":{"line":106,"column":12},"end":{"line":106,"column":12}}]},"5":{"line":117,"type":"if","locations":[{"start":{"line":117,"column":8},"end":{"line":117,"column":8}},{"start":{"line":117,"column":8},"end":{"line":117,"column":8}}]},"6":{"line":261,"type":"if","locations":[{"start":{"line":261,"column":8},"end":{"line":261,"column":8}},{"start":{"line":261,"column":8},"end":{"line":261,"column":8}}]},"7":{"line":277,"type":"if","locations":[{"start":{"line":277,"column":12},"end":{"line":277,"column":12}},{"start":{"line":277,"column":12},"end":{"line":277,"column":12}}]},"8":{"line":296,"type":"if","locations":[{"start":{"line":296,"column":8},"end":{"line":296,"column":8}},{"start":{"line":296,"column":8},"end":{"line":296,"column":8}}]},"9":{"line":334,"type":"if","locations":[{"start":{"line":334,"column":8},"end":{"line":334,"column":8}},{"start":{"line":334,"column":8},"end":{"line":334,"column":8}}]},"10":{"line":376,"type":"if","locations":[{"start":{"line":376,"column":8},"end":{"line":376,"column":8}},{"start":{"line":376,"column":8},"end":{"line":376,"column":8}}]}}},
"contracts/Owned.sol":{"l":{"14":0,"15":0,"22":6,"30":18,"38":0},"path":"/Users/denisputnam/git/APDF-invoice-tracker-dapp/contracts/Owned.sol","s":{"1":0,"2":6,"3":18,"4":0},"b":{"1":[0,0]},"f":{"1":0,"2":6,"3":18,"4":0},"fnMap":{"1":{"name":"ownerOnly","line":13,"loc":{"start":{"line":13,"column":2},"end":{"line":13,"column":22}}},"2":{"name":"constructor","line":21,"loc":{"start":{"line":21,"column":2},"end":{"line":21,"column":30}}},"3":{"name":"getCurrentOwner","line":29,"loc":{"start":{"line":29,"column":2},"end":{"line":29,"column":57}}},"4":{"name":"changeOwner","line":37,"loc":{"start":{"line":37,"column":2},"end":{"line":37,"column":67}}}},"statementMap":{"1":{"start":{"line":14,"column":6},"end":{"line":14,"column":93}},"2":{"start":{"line":22,"column":6},"end":{"line":22,"column":23}},"3":{"start":{"line":30,"column":6},"end":{"line":30,"column":18}},"4":{"start":{"line":38,"column":6},"end":{"line":38,"column":21}}},"branchMap":{"1":{"line":14,"type":"if","locations":[{"start":{"line":14,"column":6},"end":{"line":14,"column":6}},{"start":{"line":14,"column":6},"end":{"line":14,"column":6}}]}}}}
