TN:
SF:/Users/denisputnam/git/APDF-invoice-tracker-dapp/contracts/InvoiceTracker.sol
FN:51,constructor
FN:62,isNoClient
FN:74,noDupClient
FN:84,addClient
FN:106,getClientByName
FN:122,getClientByIndex
FN:133,getClientCount
FN:142,isNoDuplicateInvoice
FN:160,noDupInvoice
FN:207,addInvoice
FN:267,incremmentInvoiceCount
FN:279,getInvoiceCount
FN:293,getInvoiceNumbers
FN:311,isInvoiceNumber
FN:316,findInvoiceIndex
FN:345,updateInvoice
FN:381,getInvoice
FNF:17
FNH:15
FNDA:7,constructor
FNDA:4,isNoClient
FNDA:4,noDupClient
FNDA:4,addClient
FNDA:0,getClientByName
FNDA:1,getClientByIndex
FNDA:0,getClientCount
FNDA:4,isNoDuplicateInvoice
FNDA:4,noDupInvoice
FNDA:4,addInvoice
FNDA:4,incremmentInvoiceCount
FNDA:4,getInvoiceCount
FNDA:1,getInvoiceNumbers
FNDA:3,isInvoiceNumber
FNDA:3,findInvoiceIndex
FNDA:1,updateInvoice
FNDA:2,getInvoice
DA:67,4
DA:68,0
DA:69,0
DA:71,4
DA:75,4
DA:76,4
DA:89,4
DA:90,4
DA:91,4
DA:93,4
DA:95,4
DA:96,4
DA:97,4
DA:111,0
DA:112,0
DA:113,0
DA:127,1
DA:128,1
DA:129,1
DA:130,1
DA:134,0
DA:146,4
DA:150,1
DA:154,0
DA:157,4
DA:161,4
DA:162,4
DA:163,0
DA:165,4
DA:169,4
DA:220,4
DA:221,4
DA:222,4
DA:223,4
DA:224,4
DA:225,4
DA:226,4
DA:227,4
DA:228,4
DA:229,4
DA:230,4
DA:231,4
DA:232,4
DA:234,4
DA:236,4
DA:271,4
DA:285,4
DA:308,1
DA:312,3
DA:313,3
DA:323,3
DA:329,3
DA:333,3
DA:336,0
DA:350,1
DA:351,1
DA:352,1
DA:355,1
DA:356,1
DA:357,1
DA:399,2
DA:400,2
DA:401,2
DA:404,2
LF:64
LH:55
BRDA:67,1,0,0
BRDA:67,1,1,4
BRDA:75,2,0,4
BRDA:75,2,1,0
BRDA:150,3,0,0
BRDA:150,3,1,1
BRDA:162,4,0,0
BRDA:162,4,1,4
BRDA:165,5,0,4
BRDA:165,5,1,0
BRDA:312,6,0,3
BRDA:312,6,1,0
BRDA:329,7,0,3
BRDA:329,7,1,0
BRDA:351,8,0,1
BRDA:351,8,1,0
BRDA:400,9,0,2
BRDA:400,9,1,0
BRF:18
BRH:9
end_of_record
TN:
SF:/Users/denisputnam/git/APDF-invoice-tracker-dapp/contracts/Owned.sol
FN:14,ownerOnly
FN:22,constructor
FN:30,getCurrentOwner
FN:38,changeOwner
FNF:4
FNH:2
FNDA:19,ownerOnly
FNDA:7,constructor
FNDA:0,getCurrentOwner
FNDA:0,changeOwner
DA:15,19
DA:16,19
DA:23,7
DA:31,0
DA:39,0
LF:5
LH:3
BRDA:15,1,0,19
BRDA:15,1,1,0
BRF:2
BRH:1
end_of_record
