TN:
SF:/Users/denisputnam/git/APDF-invoice-tracker-dapp/contracts/InvoiceTracker.sol
FN:45,constructor
FN:54,isNoClient
FN:65,noDupClient
FN:70,onlyOwner
FN:80,addClient
FN:98,isNoDuplicateInvoice
FN:116,noDupInvoice
FN:160,addInvoice
FN:221,incremmentInvoiceCount
FN:229,getInvoiceCount
FN:242,getInvoiceNumbers
FN:260,isInvoiceNumber
FN:265,findInvoiceIndex
FN:290,updateInvoice
FN:315,getInvoice
FN:371,uint2str
FNF:16
FNH:16
FNDA:6,constructor
FNDA:3,isNoClient
FNDA:3,noDupClient
FNDA:18,onlyOwner
FNDA:3,addClient
FNDA:4,isNoDuplicateInvoice
FNDA:4,noDupInvoice
FNDA:4,addInvoice
FNDA:4,incremmentInvoiceCount
FNDA:4,getInvoiceCount
FNDA:1,getInvoiceNumbers
FNDA:3,isInvoiceNumber
FNDA:3,findInvoiceIndex
FNDA:1,updateInvoice
FNDA:2,getInvoice
FNDA:2,uint2str
DA:59,3
DA:60,0
DA:62,3
DA:66,3
DA:67,3
DA:71,18
DA:72,18
DA:85,3
DA:86,3
DA:87,3
DA:88,3
DA:89,3
DA:90,3
DA:102,4
DA:106,1
DA:110,0
DA:113,4
DA:117,4
DA:121,4
DA:174,4
DA:175,4
DA:176,4
DA:177,4
DA:178,4
DA:179,4
DA:180,4
DA:181,4
DA:182,4
DA:183,4
DA:184,4
DA:185,4
DA:186,4
DA:188,4
DA:190,4
DA:222,4
DA:235,4
DA:248,1
DA:249,1
DA:250,2
DA:255,2
DA:257,1
DA:261,3
DA:262,3
DA:272,3
DA:277,3
DA:278,3
DA:281,0
DA:295,1
DA:296,1
DA:297,1
DA:300,1
DA:301,1
DA:302,1
DA:333,2
DA:334,2
DA:335,2
DA:338,2
DA:376,2
DA:377,0
DA:379,2
DA:380,2
DA:381,2
DA:382,2
DA:383,2
DA:385,2
DA:386,2
DA:387,2
DA:388,2
DA:389,2
DA:391,2
LF:70
LH:66
BRDA:59,1,0,0
BRDA:59,1,1,3
BRDA:66,2,0,3
BRDA:66,2,1,0
BRDA:71,3,0,18
BRDA:71,3,1,0
BRDA:106,4,0,0
BRDA:106,4,1,1
BRDA:117,5,0,4
BRDA:117,5,1,0
BRDA:261,6,0,3
BRDA:261,6,1,0
BRDA:277,7,0,3
BRDA:277,7,1,0
BRDA:296,8,0,1
BRDA:296,8,1,0
BRDA:334,9,0,2
BRDA:334,9,1,0
BRDA:376,10,0,0
BRDA:376,10,1,2
BRF:20
BRH:10
end_of_record
TN:
SF:/Users/denisputnam/git/APDF-invoice-tracker-dapp/contracts/Owned.sol
FN:13,ownerOnly
FN:21,constructor
FN:29,getCurrentOwner
FN:37,changeOwner
FNF:4
FNH:2
FNDA:0,ownerOnly
FNDA:6,constructor
FNDA:18,getCurrentOwner
FNDA:0,changeOwner
DA:14,0
DA:15,0
DA:22,6
DA:30,18
DA:38,0
LF:5
LH:2
BRDA:14,1,0,0
BRDA:14,1,1,0
BRF:2
BRH:0
end_of_record
